<?xml version="1.0" encoding="UTF-8"?>
<!-- Generated by org.testng.reporters.JUnitXMLReporter -->
<testsuite hostname="RV-PC" name="Test11" tests="10" failures="0" timestamp="17 Dec 2012 18:59:52 GMT" time="0.016" errors="0">
  <testcase name="check" time="0.0" classname="com.testng2.ClassJ"/>
  <testcase name="check" time="0.0" classname="com.testng2.ClassJ"/>
  <testcase name="check" time="0.0" classname="com.testng2.ClassJ"/>
  <testcase name="check" time="0.0" classname="com.testng2.ClassJ"/>
  <testcase name="check" time="0.0" classname="com.testng2.ClassJ"/>
  <testcase name="check" time="0.016" classname="com.testng2.ClassJ"/>
  <testcase name="check" time="0.0" classname="com.testng2.ClassJ"/>
  <testcase name="check" time="0.0" classname="com.testng2.ClassJ"/>
  <testcase name="check" time="0.0" classname="com.testng2.ClassJ"/>
  <testcase name="check" time="0.0" classname="com.testng2.ClassJ"/>
</testsuite> <!-- Test11 -->
