<?xml version="1.0" encoding="UTF-8"?>
<!-- Generated by org.testng.reporters.JUnitXMLReporter -->
<testsuite hostname="RV-PC" name="Default test" tests="4" failures="0" timestamp="17 Dec 2012 15:35:50 GMT" time="0.031" errors="0">
  <testcase name="testMethod1" time="0.015" classname="com.testng2.ClassD"/>
  <testcase name="testMethod2" time="0.0" classname="com.testng2.ClassD"/>
  <testcase name="testMethod3" time="0.0" classname="com.testng2.ClassD"/>
  <testcase name="testMethod4" time="0.0" classname="com.testng2.ClassD"/>
</testsuite> <!-- Default test -->
