<?xml version="1.0" encoding="UTF-8"?>
<!-- Generated by org.testng.reporters.JUnitXMLReporter -->
<testsuite hostname="RV-PC" name="Test9" tests="3" failures="0" timestamp="15 Dec 2012 11:24:58 GMT" time="0.01" errors="0">
  <testcase name="testServer" time="0.0" classname="com.testng.factory.TestClass"/>
  <testcase name="testServer" time="0.0" classname="com.testng.factory.TestClass"/>
  <testcase name="testServer" time="0.0" classname="com.testng.factory.TestClass"/>
</testsuite> <!-- Test9 -->
