<?xml version="1.0" encoding="UTF-8"?>
<!-- Generated by org.testng.reporters.JUnitXMLReporter -->
<testsuite hostname="RV-PC" name="Command line test" tests="13" failures="0" timestamp="15 Dec 2012 11:42:01 GMT" time="0.02" errors="0">
  <testcase name="B2" time="0.01" classname="com.testng1.ClassA"/>
  <testcase name="B3" time="0.0" classname="com.testng1.ClassA"/>
  <testcase name="B4" time="0.0" classname="com.testng1.ClassA"/>
  <testcase name="F" time="0.0" classname="com.testng2.ClassF"/>
  <testcase name="F" time="0.0" classname="com.testng2.ClassF"/>
  <testcase name="F" time="0.0" classname="com.testng2.ClassF"/>
  <testcase name="F" time="0.0" classname="com.testng2.ClassF"/>
  <testcase name="F" time="0.0" classname="com.testng2.ClassF"/>
  <testcase name="F" time="0.0" classname="com.testng2.ClassF"/>
  <testcase name="F" time="0.0" classname="com.testng2.ClassF"/>
  <testcase name="F" time="0.0" classname="com.testng2.ClassF"/>
  <testcase name="F" time="0.0" classname="com.testng2.ClassF"/>
  <testcase name="F" time="0.0" classname="com.testng2.ClassF"/>
</testsuite> <!-- Command line test -->
